<?xml version="1.0" encoding="UTF-8"?>
<!-- Generated by org.testng.reporters.JUnitReportReporter -->
<testsuite hostname="DESKTOP-1NKB3IL" failures="0" tests="3" name="com.manish.DynamicJSon" time="2.835" errors="0" timestamp="2022-05-13T16:02:46 IST" skipped="0">
  <testcase classname="com.manish.DynamicJSon" name="AddBook" time="2.552"/>
  <system-out/>
  <testcase classname="com.manish.DynamicJSon" name="AddBook" time="0.137"/>
  <system-out/>
  <testcase classname="com.manish.DynamicJSon" name="AddBook" time="0.146"/>
  <system-out/>
</testsuite> <!-- com.manish.DynamicJSon -->
